<?xml version="1.0" encoding="UTF-8"?>
<!-- Generated by org.testng.reporters.JUnitReportReporter -->
<testsuite hostname="SumedhKrishna" failures="1" tests="1" name="Day6.JsonSchemaValidations" time="1.554" errors="0" timestamp="2023-07-17T11:28:20 EDT" skipped="0">
  <testcase classname="Day6.JsonSchemaValidations" name="jsonSchemaValidation" time="1.554">
    <failure message="1 expectation failed.
Response body doesn&#039;t match expectation.
Expected: The content to match the given JSON schema.
error: instance type (number) does not match any allowed primitive type (allowed: [&quot;string&quot;])
    level: &quot;error&quot;
    schema: {&quot;loadingURI&quot;:&quot;file:/C:/Users/anush/RestAssuredAPITesting/RestAssuredAPI/target/test-classes/storeJsonSchema.json#&quot;,&quot;pointer&quot;:&quot;/definitions/Book/properties/price&quot;}
    instance: {&quot;pointer&quot;:&quot;/book/0/price&quot;}
    domain: &quot;validation&quot;
    keyword: &quot;type&quot;
    found: &quot;number&quot;
    expected: [&quot;string&quot;]

  Actual: {
  &quot;book&quot;: [
    {
      &quot;author&quot;: &quot;AAA&quot;,
      &quot;category&quot;: &quot;reference&quot;,
      &quot;price&quot;: 150.5,
      &quot;title&quot;: &quot;aaa&quot;
    },
    {
      &quot;author&quot;: &quot;BBB&quot;,
      &quot;category&quot;: &quot;non-fiction&quot;,
      &quot;price&quot;: 250.5,
      &quot;title&quot;: &quot;bbb&quot;
    },
    {
      &quot;author&quot;: &quot;CCC&quot;,
      &quot;category&quot;: &quot;reference&quot;,
      &quot;price&quot;: 100.5,
      &quot;title&quot;: &quot;ccc&quot;
    },
    {
      &quot;author&quot;: &quot;DDD&quot;,
      &quot;category&quot;: &quot;fiction&quot;,
      &quot;isbn&quot;: &quot;0-55-2023&quot;,
      &quot;price&quot;: 450.5,
      &quot;title&quot;: &quot;ddd&quot;
    },
    {
      &quot;author&quot;: &quot;EEE&quot;,
      &quot;category&quot;: &quot;fiction&quot;,
      &quot;isbn&quot;: &quot;0-342-2023&quot;,
      &quot;price&quot;: 300,
      &quot;title&quot;: &quot;eee&quot;
    }
  ]
}
" type="java.lang.AssertionError">
      <![CDATA[java.lang.AssertionError: 1 expectation failed.
Response body doesn't match expectation.
Expected: The content to match the given JSON schema.
error: instance type (number) does not match any allowed primitive type (allowed: ["string"])
    level: "error"
    schema: {"loadingURI":"file:/C:/Users/anush/RestAssuredAPITesting/RestAssuredAPI/target/test-classes/storeJsonSchema.json#","pointer":"/definitions/Book/properties/price"}
    instance: {"pointer":"/book/0/price"}
    domain: "validation"
    keyword: "type"
    found: "number"
    expected: ["string"]

  Actual: {
  "book": [
    {
      "author": "AAA",
      "category": "reference",
      "price": 150.5,
      "title": "aaa"
    },
    {
      "author": "BBB",
      "category": "non-fiction",
      "price": 250.5,
      "title": "bbb"
    },
    {
      "author": "CCC",
      "category": "reference",
      "price": 100.5,
      "title": "ccc"
    },
    {
      "author": "DDD",
      "category": "fiction",
      "isbn": "0-55-2023",
      "price": 450.5,
      "title": "ddd"
    },
    {
      "author": "EEE",
      "category": "fiction",
      "isbn": "0-342-2023",
      "price": 300,
      "title": "eee"
    }
  ]
}

at java.base/jdk.internal.reflect.DirectConstructorHandleAccessor.newInstance(DirectConstructorHandleAccessor.java:67)
at java.base/java.lang.reflect.Constructor.newInstanceWithCaller(Constructor.java:500)
at java.base/java.lang.reflect.Constructor.newInstance(Constructor.java:484)
at org.codehaus.groovy.reflection.CachedConstructor.invoke(CachedConstructor.java:73)
at org.codehaus.groovy.runtime.callsite.ConstructorSite$ConstructorSiteNoUnwrapNoCoerce.callConstructor(ConstructorSite.java:108)
at org.codehaus.groovy.runtime.callsite.CallSiteArray.defaultCallConstructor(CallSiteArray.java:57)
at org.codehaus.groovy.runtime.callsite.AbstractCallSite.callConstructor(AbstractCallSite.java:263)
at org.codehaus.groovy.runtime.callsite.AbstractCallSite.callConstructor(AbstractCallSite.java:277)
at io.restassured.internal.ResponseSpecificationImpl$HamcrestAssertionClosure.validate(ResponseSpecificationImpl.groovy:512)
at io.restassured.internal.ResponseSpecificationImpl$HamcrestAssertionClosure$validate$1.call(Unknown Source)
at org.codehaus.groovy.runtime.callsite.CallSiteArray.defaultCall(CallSiteArray.java:45)
at org.codehaus.groovy.runtime.callsite.AbstractCallSite.call(AbstractCallSite.java:125)
at org.codehaus.groovy.runtime.callsite.AbstractCallSite.call(AbstractCallSite.java:139)
at io.restassured.internal.ResponseSpecificationImpl.validateResponseIfRequired(ResponseSpecificationImpl.groovy:696)
at io.restassured.internal.ResponseSpecificationImpl.this$2$validateResponseIfRequired(ResponseSpecificationImpl.groovy)
at java.base/jdk.internal.reflect.DirectMethodHandleAccessor.invoke(DirectMethodHandleAccessor.java:104)
at java.base/java.lang.reflect.Method.invoke(Method.java:578)
at org.codehaus.groovy.runtime.callsite.PlainObjectMetaMethodSite.doInvoke(PlainObjectMetaMethodSite.java:43)
at org.codehaus.groovy.runtime.callsite.PogoMetaMethodSite$PogoCachedMethodSiteNoUnwrapNoCoerce.invoke(PogoMetaMethodSite.java:198)
at org.codehaus.groovy.runtime.callsite.PogoMetaMethodSite.callCurrent(PogoMetaMethodSite.java:62)
at org.codehaus.groovy.runtime.callsite.CallSiteArray.defaultCallCurrent(CallSiteArray.java:49)
at org.codehaus.groovy.runtime.callsite.AbstractCallSite.callCurrent(AbstractCallSite.java:171)
at org.codehaus.groovy.runtime.callsite.AbstractCallSite.callCurrent(AbstractCallSite.java:185)
at io.restassured.internal.ResponseSpecificationImpl.body(ResponseSpecificationImpl.groovy:107)
at io.restassured.internal.ValidatableResponseOptionsImpl.body(ValidatableResponseOptionsImpl.java:238)
at Day6.JsonSchemaValidations.jsonSchemaValidation(JsonSchemaValidations.java:23)
at java.base/jdk.internal.reflect.DirectMethodHandleAccessor.invoke(DirectMethodHandleAccessor.java:104)
at java.base/java.lang.reflect.Method.invoke(Method.java:578)
at org.testng.internal.invokers.MethodInvocationHelper.invokeMethod(MethodInvocationHelper.java:139)
at org.testng.internal.invokers.TestInvoker.invokeMethod(TestInvoker.java:677)
at org.testng.internal.invokers.TestInvoker.invokeTestMethod(TestInvoker.java:221)
at org.testng.internal.invokers.MethodRunner.runInSequence(MethodRunner.java:50)
at org.testng.internal.invokers.TestInvoker$MethodInvocationAgent.invoke(TestInvoker.java:969)
at org.testng.internal.invokers.TestInvoker.invokeTestMethods(TestInvoker.java:194)
at org.testng.internal.invokers.TestMethodWorker.invokeTestMethods(TestMethodWorker.java:148)
at org.testng.internal.invokers.TestMethodWorker.run(TestMethodWorker.java:128)
at java.base/java.util.ArrayList.forEach(ArrayList.java:1511)
at org.testng.TestRunner.privateRun(TestRunner.java:829)
at org.testng.TestRunner.run(TestRunner.java:602)
at org.testng.SuiteRunner.runTest(SuiteRunner.java:437)
at org.testng.SuiteRunner.runSequentially(SuiteRunner.java:431)
at org.testng.SuiteRunner.privateRun(SuiteRunner.java:391)
at org.testng.SuiteRunner.run(SuiteRunner.java:330)
at org.testng.SuiteRunnerWorker.runSuite(SuiteRunnerWorker.java:52)
at org.testng.SuiteRunnerWorker.run(SuiteRunnerWorker.java:95)
at org.testng.TestNG.runSuitesSequentially(TestNG.java:1256)
at org.testng.TestNG.runSuitesLocally(TestNG.java:1176)
at org.testng.TestNG.runSuites(TestNG.java:1099)
at org.testng.TestNG.run(TestNG.java:1067)
at org.testng.remote.AbstractRemoteTestNG.run(AbstractRemoteTestNG.java:115)
at org.testng.remote.RemoteTestNG.initAndRun(RemoteTestNG.java:251)
at org.testng.remote.RemoteTestNG.main(RemoteTestNG.java:77)
]]>
    </failure>
  </testcase> <!-- jsonSchemaValidation -->
  <system-out/>
</testsuite> <!-- Day6.JsonSchemaValidations -->
